{"D:\\challenge\\src\\App.tsx": {"path":"D:\\challenge\\src\\App.tsx","statementMap":{"0":{"start":{"line":24,"column":0},"end":{"line":24,"column":16}},"1":{"start":{"line":1,"column":0},"end":{"line":1,"column":46}},"2":{"start":{"line":2,"column":0},"end":{"line":2,"column":52}},"3":{"start":{"line":3,"column":0},"end":{"line":3,"column":49}},"4":{"start":{"line":4,"column":0},"end":{"line":4,"column":49}},"5":{"start":{"line":5,"column":0},"end":{"line":5,"column":46}},"6":{"start":{"line":6,"column":0},"end":{"line":6,"column":58}},"7":{"start":{"line":7,"column":0},"end":{"line":7,"column":52}},"8":{"start":{"line":8,"column":0},"end":{"line":8,"column":49}},"9":{"start":{"line":9,"column":0},"end":{"line":9,"column":46}},"10":{"start":{"line":11,"column":22},"end":{"line":16,"column":2}},"11":{"start":{"line":18,"column":17},"end":{"line":22,"column":2}},"12":{"start":{"line":25,"column":38},"end":{"line":25,"column":50}},"13":{"start":{"line":26,"column":36},"end":{"line":26,"column":51}},"14":{"start":{"line":27,"column":44},"end":{"line":27,"column":62}},"15":{"start":{"line":28,"column":44},"end":{"line":28,"column":59}},"16":{"start":{"line":29,"column":38},"end":{"line":29,"column":49}},"17":{"start":{"line":31,"column":2},"end":{"line":159,"column":4}},"18":{"start":{"line":43,"column":35},"end":{"line":43,"column":62}},"19":{"start":{"line":43,"column":56},"end":{"line":43,"column":61}},"20":{"start":{"line":46,"column":55},"end":{"line":46,"column":74}},"21":{"start":{"line":49,"column":52},"end":{"line":49,"column":68}},"22":{"start":{"line":52,"column":44},"end":{"line":52,"column":69}},"23":{"start":{"line":68,"column":16},"end":{"line":68,"column":45}},"24":{"start":{"line":84,"column":33},"end":{"line":84,"column":51}},"25":{"start":{"line":87,"column":27},"end":{"line":87,"column":46}},"26":{"start":{"line":155,"column":49},"end":{"line":155,"column":77}}},"fnMap":{"0":{"name":"App","decl":{"start":{"line":24,"column":16},"end":{"line":24,"column":19}},"loc":{"start":{"line":24,"column":19},"end":{"line":160,"column":1}}},"1":{"name":"(anonymous_1)","decl":{"start":{"line":43,"column":29},"end":{"line":43,"column":32}},"loc":{"start":{"line":43,"column":35},"end":{"line":43,"column":62}}},"2":{"name":"(anonymous_2)","decl":{"start":{"line":43,"column":49},"end":{"line":43,"column":50}},"loc":{"start":{"line":43,"column":56},"end":{"line":43,"column":61}}},"3":{"name":"(anonymous_3)","decl":{"start":{"line":46,"column":49},"end":{"line":46,"column":52}},"loc":{"start":{"line":46,"column":55},"end":{"line":46,"column":74}}},"4":{"name":"(anonymous_4)","decl":{"start":{"line":49,"column":46},"end":{"line":49,"column":49}},"loc":{"start":{"line":49,"column":52},"end":{"line":49,"column":68}}},"5":{"name":"(anonymous_5)","decl":{"start":{"line":52,"column":38},"end":{"line":52,"column":41}},"loc":{"start":{"line":52,"column":44},"end":{"line":52,"column":69}}},"6":{"name":"(anonymous_6)","decl":{"start":{"line":67,"column":24},"end":{"line":67,"column":25}},"loc":{"start":{"line":68,"column":16},"end":{"line":68,"column":45}}},"7":{"name":"(anonymous_7)","decl":{"start":{"line":84,"column":27},"end":{"line":84,"column":30}},"loc":{"start":{"line":84,"column":33},"end":{"line":84,"column":51}}},"8":{"name":"(anonymous_8)","decl":{"start":{"line":87,"column":21},"end":{"line":87,"column":24}},"loc":{"start":{"line":87,"column":27},"end":{"line":87,"column":46}}},"9":{"name":"(anonymous_9)","decl":{"start":{"line":155,"column":42},"end":{"line":155,"column":43}},"loc":{"start":{"line":155,"column":49},"end":{"line":155,"column":77}}}},"branchMap":{"0":{"loc":{"start":{"line":76,"column":21},"end":{"line":76,"column":71}},"type":"cond-expr","locations":[{"start":{"line":76,"column":41},"end":{"line":76,"column":59}},{"start":{"line":76,"column":62},"end":{"line":76,"column":71}}]},"1":{"loc":{"start":{"line":120,"column":11},"end":{"line":120,"column":60}},"type":"binary-expr","locations":[{"start":{"line":120,"column":11},"end":{"line":120,"column":24}},{"start":{"line":120,"column":28},"end":{"line":120,"column":60}}]},"2":{"loc":{"start":{"line":134,"column":25},"end":{"line":134,"column":53}},"type":"cond-expr","locations":[{"start":{"line":134,"column":41},"end":{"line":134,"column":45}},{"start":{"line":134,"column":48},"end":{"line":134,"column":53}}]}},"s":{"0":1,"1":1,"2":1,"3":1,"4":1,"5":1,"6":1,"7":1,"8":1,"9":1,"10":1,"11":1,"12":18,"13":18,"14":18,"15":18,"16":18,"17":18,"18":1,"19":1,"20":0,"21":0,"22":0,"23":4,"24":1,"25":1,"26":2},"f":{"0":18,"1":1,"2":1,"3":0,"4":0,"5":0,"6":4,"7":1,"8":1,"9":2},"b":{"0":[14,4],"1":[18,1],"2":[1,17]}}
,"D:\\challenge\\src\\components\\Alert\\Alert.tsx": {"path":"D:\\challenge\\src\\components\\Alert\\Alert.tsx","statementMap":{"0":{"start":{"line":10,"column":0},"end":{"line":10,"column":16}},"1":{"start":{"line":1,"column":0},"end":{"line":1,"column":55}},"2":{"start":{"line":16,"column":32},"end":{"line":16,"column":46}},"3":{"start":{"line":19,"column":2},"end":{"line":21,"column":17}},"4":{"start":{"line":20,"column":4},"end":{"line":20,"column":21}},"5":{"start":{"line":23,"column":2},"end":{"line":23,"column":28}},"6":{"start":{"line":23,"column":16},"end":{"line":23,"column":28}},"7":{"start":{"line":25,"column":24},"end":{"line":28,"column":3}},"8":{"start":{"line":26,"column":4},"end":{"line":26,"column":22}},"9":{"start":{"line":27,"column":4},"end":{"line":27,"column":18}},"10":{"start":{"line":30,"column":2},"end":{"line":43,"column":4}}},"fnMap":{"0":{"name":"Alert","decl":{"start":{"line":10,"column":16},"end":{"line":10,"column":21}},"loc":{"start":{"line":15,"column":13},"end":{"line":44,"column":1}}},"1":{"name":"(anonymous_1)","decl":{"start":{"line":19,"column":12},"end":{"line":19,"column":15}},"loc":{"start":{"line":19,"column":17},"end":{"line":21,"column":3}}},"2":{"name":"(anonymous_2)","decl":{"start":{"line":25,"column":24},"end":{"line":25,"column":27}},"loc":{"start":{"line":25,"column":29},"end":{"line":28,"column":3}}}},"branchMap":{"0":{"loc":{"start":{"line":12,"column":2},"end":{"line":12,"column":18}},"type":"default-arg","locations":[{"start":{"line":12,"column":12},"end":{"line":12,"column":18}}]},"1":{"loc":{"start":{"line":13,"column":2},"end":{"line":13,"column":21}},"type":"default-arg","locations":[{"start":{"line":13,"column":16},"end":{"line":13,"column":21}}]},"2":{"loc":{"start":{"line":23,"column":2},"end":{"line":23,"column":28}},"type":"if","locations":[{"start":{"line":23,"column":2},"end":{"line":23,"column":28}}]},"3":{"loc":{"start":{"line":33,"column":7},"end":{"line":40,"column":null}},"type":"binary-expr","locations":[{"start":{"line":33,"column":7},"end":{"line":33,"column":18}},{"start":{"line":34,"column":8},"end":{"line":37,"column":null}}]}},"s":{"0":2,"1":2,"2":106,"3":106,"4":42,"5":106,"6":4,"7":102,"8":2,"9":2,"10":102},"f":{"0":106,"1":42,"2":2},"b":{"0":[9],"1":[53],"2":[4],"3":[102,49]}}
,"D:\\challenge\\src\\components\\Button\\Button.tsx": {"path":"D:\\challenge\\src\\components\\Button\\Button.tsx","statementMap":{"0":{"start":{"line":12,"column":0},"end":{"line":12,"column":16}},"1":{"start":{"line":20,"column":2},"end":{"line":30,"column":4}}},"fnMap":{"0":{"name":"Button","decl":{"start":{"line":12,"column":16},"end":{"line":12,"column":22}},"loc":{"start":{"line":19,"column":14},"end":{"line":31,"column":1}}}},"branchMap":{"0":{"loc":{"start":{"line":15,"column":2},"end":{"line":15,"column":18}},"type":"default-arg","locations":[{"start":{"line":15,"column":13},"end":{"line":15,"column":18}}]},"1":{"loc":{"start":{"line":16,"column":2},"end":{"line":16,"column":21}},"type":"default-arg","locations":[{"start":{"line":16,"column":12},"end":{"line":16,"column":21}}]},"2":{"loc":{"start":{"line":17,"column":2},"end":{"line":17,"column":17}},"type":"default-arg","locations":[{"start":{"line":17,"column":12},"end":{"line":17,"column":17}}]},"3":{"loc":{"start":{"line":18,"column":2},"end":{"line":18,"column":16}},"type":"default-arg","locations":[{"start":{"line":18,"column":14},"end":{"line":18,"column":16}}]},"4":{"loc":{"start":{"line":23,"column":39},"end":{"line":23,"column":69}},"type":"cond-expr","locations":[{"start":{"line":23,"column":50},"end":{"line":23,"column":64}},{"start":{"line":23,"column":67},"end":{"line":23,"column":69}}]},"5":{"loc":{"start":{"line":24,"column":16},"end":{"line":24,"column":35}},"type":"binary-expr","locations":[{"start":{"line":24,"column":16},"end":{"line":24,"column":24}},{"start":{"line":24,"column":28},"end":{"line":24,"column":35}}]},"6":{"loc":{"start":{"line":28,"column":7},"end":{"line":28,"column":75}},"type":"cond-expr","locations":[{"start":{"line":28,"column":17},"end":{"line":28,"column":64}},{"start":{"line":28,"column":67},"end":{"line":28,"column":75}}]}},"s":{"0":4,"1":145},"f":{"0":145},"b":{"0":[126],"1":[90],"2":[125],"3":[144],"4":[19,126],"5":[145,126],"6":[20,125]}}
,"D:\\challenge\\src\\components\\Card\\Card.tsx": {"path":"D:\\challenge\\src\\components\\Card\\Card.tsx","statementMap":{"0":{"start":{"line":11,"column":0},"end":{"line":11,"column":16}},"1":{"start":{"line":18,"column":2},"end":{"line":29,"column":4}}},"fnMap":{"0":{"name":"Card","decl":{"start":{"line":11,"column":16},"end":{"line":11,"column":20}},"loc":{"start":{"line":17,"column":12},"end":{"line":30,"column":1}}}},"branchMap":{"0":{"loc":{"start":{"line":16,"column":2},"end":{"line":16,"column":16}},"type":"default-arg","locations":[{"start":{"line":16,"column":14},"end":{"line":16,"column":16}}]},"1":{"loc":{"start":{"line":20,"column":7},"end":{"line":20,"column":76}},"type":"binary-expr","locations":[{"start":{"line":20,"column":7},"end":{"line":20,"column":12}},{"start":{"line":20,"column":16},"end":{"line":20,"column":76}}]},"2":{"loc":{"start":{"line":20,"column":61},"end":{"line":20,"column":72}},"type":"binary-expr","locations":[{"start":{"line":20,"column":61},"end":{"line":20,"column":66}},{"start":{"line":20,"column":70},"end":{"line":20,"column":72}}]},"3":{"loc":{"start":{"line":21,"column":7},"end":{"line":24,"column":null}},"type":"binary-expr","locations":[{"start":{"line":21,"column":7},"end":{"line":21,"column":12}},{"start":{"line":22,"column":8},"end":{"line":23,"column":null}}]},"4":{"loc":{"start":{"line":27,"column":7},"end":{"line":27,"column":63}},"type":"binary-expr","locations":[{"start":{"line":27,"column":7},"end":{"line":27,"column":14}},{"start":{"line":27,"column":18},"end":{"line":27,"column":63}}]}},"s":{"0":2,"1":44},"f":{"0":44},"b":{"0":[43],"1":[44,2],"2":[2,1],"3":[44,40],"4":[44,20]}}
,"D:\\challenge\\src\\components\\Dropdown\\Dropdown.tsx": {"path":"D:\\challenge\\src\\components\\Dropdown\\Dropdown.tsx","statementMap":{"0":{"start":{"line":16,"column":0},"end":{"line":16,"column":16}},"1":{"start":{"line":1,"column":0},"end":{"line":1,"column":59}},"2":{"start":{"line":23,"column":30},"end":{"line":23,"column":45}},"3":{"start":{"line":24,"column":50},"end":{"line":24,"column":62}},"4":{"start":{"line":25,"column":14},"end":{"line":25,"column":42}},"5":{"start":{"line":26,"column":18},"end":{"line":26,"column":25}},"6":{"start":{"line":27,"column":20},"end":{"line":27,"column":53}},"7":{"start":{"line":29,"column":23},"end":{"line":29,"column":69}},"8":{"start":{"line":29,"column":48},"end":{"line":29,"column":68}},"9":{"start":{"line":31,"column":2},"end":{"line":40,"column":9}},"10":{"start":{"line":32,"column":31},"end":{"line":36,"column":5}},"11":{"start":{"line":33,"column":6},"end":{"line":35,"column":7}},"12":{"start":{"line":34,"column":8},"end":{"line":34,"column":25}},"13":{"start":{"line":38,"column":4},"end":{"line":38,"column":63}},"14":{"start":{"line":39,"column":4},"end":{"line":39,"column":79}},"15":{"start":{"line":39,"column":17},"end":{"line":39,"column":78}},"16":{"start":{"line":43,"column":2},"end":{"line":50,"column":33}},"17":{"start":{"line":44,"column":4},"end":{"line":49,"column":5}},"18":{"start":{"line":45,"column":18},"end":{"line":45,"column":69}},"19":{"start":{"line":45,"column":48},"end":{"line":45,"column":68}},"20":{"start":{"line":46,"column":6},"end":{"line":46,"column":46}},"21":{"start":{"line":48,"column":6},"end":{"line":48,"column":30}},"22":{"start":{"line":52,"column":23},"end":{"line":55,"column":3}},"23":{"start":{"line":53,"column":4},"end":{"line":53,"column":26}},"24":{"start":{"line":54,"column":4},"end":{"line":54,"column":21}},"25":{"start":{"line":57,"column":24},"end":{"line":89,"column":3}},"26":{"start":{"line":58,"column":4},"end":{"line":65,"column":5}},"27":{"start":{"line":59,"column":6},"end":{"line":59,"column":25}},"28":{"start":{"line":60,"column":6},"end":{"line":64,"column":7}},"29":{"start":{"line":61,"column":8},"end":{"line":61,"column":56}},"30":{"start":{"line":63,"column":8},"end":{"line":63,"column":27}},"31":{"start":{"line":66,"column":4},"end":{"line":68,"column":5}},"32":{"start":{"line":67,"column":6},"end":{"line":67,"column":23}},"33":{"start":{"line":69,"column":4},"end":{"line":78,"column":5}},"34":{"start":{"line":70,"column":6},"end":{"line":70,"column":25}},"35":{"start":{"line":71,"column":6},"end":{"line":77,"column":7}},"36":{"start":{"line":72,"column":8},"end":{"line":74,"column":10}},"37":{"start":{"line":73,"column":10},"end":{"line":73,"column":46}},"38":{"start":{"line":76,"column":8},"end":{"line":76,"column":24}},"39":{"start":{"line":79,"column":4},"end":{"line":88,"column":5}},"40":{"start":{"line":80,"column":6},"end":{"line":80,"column":25}},"41":{"start":{"line":81,"column":6},"end":{"line":87,"column":7}},"42":{"start":{"line":82,"column":8},"end":{"line":84,"column":10}},"43":{"start":{"line":83,"column":10},"end":{"line":83,"column":46}},"44":{"start":{"line":86,"column":8},"end":{"line":86,"column":24}},"45":{"start":{"line":91,"column":2},"end":{"line":129,"column":4}},"46":{"start":{"line":100,"column":23},"end":{"line":100,"column":41}},"47":{"start":{"line":115,"column":12},"end":{"line":116,"column":null}},"48":{"start":{"line":119,"column":29},"end":{"line":119,"column":53}}},"fnMap":{"0":{"name":"Dropdown","decl":{"start":{"line":16,"column":16},"end":{"line":16,"column":24}},"loc":{"start":{"line":22,"column":16},"end":{"line":130,"column":1}}},"1":{"name":"(anonymous_1)","decl":{"start":{"line":29,"column":38},"end":{"line":29,"column":39}},"loc":{"start":{"line":29,"column":48},"end":{"line":29,"column":68}}},"2":{"name":"(anonymous_2)","decl":{"start":{"line":31,"column":12},"end":{"line":31,"column":15}},"loc":{"start":{"line":31,"column":17},"end":{"line":40,"column":3}}},"3":{"name":"(anonymous_3)","decl":{"start":{"line":32,"column":31},"end":{"line":32,"column":32}},"loc":{"start":{"line":32,"column":49},"end":{"line":36,"column":5}}},"4":{"name":"(anonymous_4)","decl":{"start":{"line":39,"column":11},"end":{"line":39,"column":14}},"loc":{"start":{"line":39,"column":17},"end":{"line":39,"column":78}}},"5":{"name":"(anonymous_5)","decl":{"start":{"line":43,"column":12},"end":{"line":43,"column":15}},"loc":{"start":{"line":43,"column":17},"end":{"line":50,"column":3}}},"6":{"name":"(anonymous_6)","decl":{"start":{"line":45,"column":38},"end":{"line":45,"column":39}},"loc":{"start":{"line":45,"column":48},"end":{"line":45,"column":68}}},"7":{"name":"(anonymous_7)","decl":{"start":{"line":52,"column":23},"end":{"line":52,"column":24}},"loc":{"start":{"line":52,"column":45},"end":{"line":55,"column":3}}},"8":{"name":"(anonymous_8)","decl":{"start":{"line":57,"column":24},"end":{"line":57,"column":25}},"loc":{"start":{"line":57,"column":51},"end":{"line":89,"column":3}}},"9":{"name":"(anonymous_9)","decl":{"start":{"line":72,"column":28},"end":{"line":72,"column":29}},"loc":{"start":{"line":73,"column":10},"end":{"line":73,"column":46}}},"10":{"name":"(anonymous_10)","decl":{"start":{"line":82,"column":28},"end":{"line":82,"column":29}},"loc":{"start":{"line":83,"column":10},"end":{"line":83,"column":46}}},"11":{"name":"(anonymous_11)","decl":{"start":{"line":100,"column":17},"end":{"line":100,"column":20}},"loc":{"start":{"line":100,"column":23},"end":{"line":100,"column":41}}},"12":{"name":"(anonymous_12)","decl":{"start":{"line":114,"column":25},"end":{"line":114,"column":26}},"loc":{"start":{"line":115,"column":12},"end":{"line":116,"column":null}}},"13":{"name":"(anonymous_13)","decl":{"start":{"line":119,"column":23},"end":{"line":119,"column":26}},"loc":{"start":{"line":119,"column":29},"end":{"line":119,"column":53}}}},"branchMap":{"0":{"loc":{"start":{"line":20,"column":2},"end":{"line":20,"column":27}},"type":"default-arg","locations":[{"start":{"line":20,"column":16},"end":{"line":20,"column":27}}]},"1":{"loc":{"start":{"line":27,"column":20},"end":{"line":27,"column":53}},"type":"cond-expr","locations":[{"start":{"line":27,"column":43},"end":{"line":27,"column":48}},{"start":{"line":27,"column":51},"end":{"line":27,"column":53}}]},"2":{"loc":{"start":{"line":33,"column":6},"end":{"line":35,"column":7}},"type":"if","locations":[{"start":{"line":33,"column":6},"end":{"line":35,"column":7}}]},"3":{"loc":{"start":{"line":33,"column":10},"end":{"line":33,"column":64}},"type":"binary-expr","locations":[{"start":{"line":33,"column":10},"end":{"line":33,"column":21}},{"start":{"line":33,"column":25},"end":{"line":33,"column":64}}]},"4":{"loc":{"start":{"line":44,"column":4},"end":{"line":49,"column":5}},"type":"if","locations":[{"start":{"line":44,"column":4},"end":{"line":49,"column":5}},{"start":{"line":47,"column":11},"end":{"line":49,"column":5}}]},"5":{"loc":{"start":{"line":46,"column":26},"end":{"line":46,"column":44}},"type":"cond-expr","locations":[{"start":{"line":46,"column":37},"end":{"line":46,"column":40}},{"start":{"line":46,"column":43},"end":{"line":46,"column":44}}]},"6":{"loc":{"start":{"line":58,"column":4},"end":{"line":65,"column":5}},"type":"if","locations":[{"start":{"line":58,"column":4},"end":{"line":65,"column":5}}]},"7":{"loc":{"start":{"line":58,"column":8},"end":{"line":58,"column":42}},"type":"binary-expr","locations":[{"start":{"line":58,"column":8},"end":{"line":58,"column":25}},{"start":{"line":58,"column":29},"end":{"line":58,"column":42}}]},"8":{"loc":{"start":{"line":60,"column":6},"end":{"line":64,"column":7}},"type":"if","locations":[{"start":{"line":60,"column":6},"end":{"line":64,"column":7}},{"start":{"line":62,"column":13},"end":{"line":64,"column":7}}]},"9":{"loc":{"start":{"line":60,"column":10},"end":{"line":60,"column":72}},"type":"binary-expr","locations":[{"start":{"line":60,"column":10},"end":{"line":60,"column":16}},{"start":{"line":60,"column":20},"end":{"line":60,"column":41}},{"start":{"line":60,"column":45},"end":{"line":60,"column":72}}]},"10":{"loc":{"start":{"line":66,"column":4},"end":{"line":68,"column":5}},"type":"if","locations":[{"start":{"line":66,"column":4},"end":{"line":68,"column":5}}]},"11":{"loc":{"start":{"line":69,"column":4},"end":{"line":78,"column":5}},"type":"if","locations":[{"start":{"line":69,"column":4},"end":{"line":78,"column":5}}]},"12":{"loc":{"start":{"line":71,"column":6},"end":{"line":77,"column":7}},"type":"if","locations":[{"start":{"line":71,"column":6},"end":{"line":77,"column":7}},{"start":{"line":75,"column":13},"end":{"line":77,"column":7}}]},"13":{"loc":{"start":{"line":73,"column":10},"end":{"line":73,"column":46}},"type":"cond-expr","locations":[{"start":{"line":73,"column":37},"end":{"line":73,"column":42}},{"start":{"line":73,"column":45},"end":{"line":73,"column":46}}]},"14":{"loc":{"start":{"line":79,"column":4},"end":{"line":88,"column":5}},"type":"if","locations":[{"start":{"line":79,"column":4},"end":{"line":88,"column":5}}]},"15":{"loc":{"start":{"line":81,"column":6},"end":{"line":87,"column":7}},"type":"if","locations":[{"start":{"line":81,"column":6},"end":{"line":87,"column":7}},{"start":{"line":85,"column":13},"end":{"line":87,"column":7}}]},"16":{"loc":{"start":{"line":83,"column":10},"end":{"line":83,"column":46}},"type":"cond-expr","locations":[{"start":{"line":83,"column":18},"end":{"line":83,"column":23}},{"start":{"line":83,"column":26},"end":{"line":83,"column":46}}]},"17":{"loc":{"start":{"line":93,"column":7},"end":{"line":96,"column":null}},"type":"binary-expr","locations":[{"start":{"line":93,"column":7},"end":{"line":93,"column":12}},{"start":{"line":94,"column":8},"end":{"line":95,"column":null}}]},"18":{"loc":{"start":{"line":99,"column":39},"end":{"line":99,"column":68}},"type":"cond-expr","locations":[{"start":{"line":99,"column":48},"end":{"line":99,"column":63}},{"start":{"line":99,"column":66},"end":{"line":99,"column":68}}]},"19":{"loc":{"start":{"line":106,"column":25},"end":{"line":106,"column":52}},"type":"cond-expr","locations":[{"start":{"line":106,"column":33},"end":{"line":106,"column":40}},{"start":{"line":106,"column":43},"end":{"line":106,"column":52}}]},"20":{"loc":{"start":{"line":107,"column":31},"end":{"line":107,"column":114}},"type":"cond-expr","locations":[{"start":{"line":107,"column":65},"end":{"line":107,"column":102}},{"start":{"line":107,"column":105},"end":{"line":107,"column":114}}]},"21":{"loc":{"start":{"line":107,"column":31},"end":{"line":107,"column":62}},"type":"binary-expr","locations":[{"start":{"line":107,"column":31},"end":{"line":107,"column":37}},{"start":{"line":107,"column":41},"end":{"line":107,"column":62}}]},"22":{"loc":{"start":{"line":110,"column":9},"end":{"line":110,"column":56}},"type":"cond-expr","locations":[{"start":{"line":110,"column":24},"end":{"line":110,"column":42}},{"start":{"line":110,"column":45},"end":{"line":110,"column":56}}]},"23":{"loc":{"start":{"line":112,"column":7},"end":{"line":126,"column":null}},"type":"binary-expr","locations":[{"start":{"line":112,"column":7},"end":{"line":112,"column":13}},{"start":{"line":113,"column":8},"end":{"line":125,"column":null}}]},"24":{"loc":{"start":{"line":118,"column":42},"end":{"line":118,"column":94}},"type":"cond-expr","locations":[{"start":{"line":118,"column":65},"end":{"line":118,"column":89}},{"start":{"line":118,"column":92},"end":{"line":118,"column":94}}]},"25":{"loc":{"start":{"line":118,"column":98},"end":{"line":118,"column":159}},"type":"cond-expr","locations":[{"start":{"line":118,"column":127},"end":{"line":118,"column":154}},{"start":{"line":118,"column":157},"end":{"line":118,"column":159}}]}},"s":{"0":3,"1":3,"2":64,"3":64,"4":64,"5":64,"6":64,"7":64,"8":170,"9":64,"10":22,"11":15,"12":8,"13":22,"14":22,"15":22,"16":64,"17":36,"18":8,"19":18,"20":8,"21":28,"22":64,"23":5,"24":5,"25":64,"26":8,"27":4,"28":4,"29":2,"30":2,"31":8,"32":1,"33":8,"34":2,"35":2,"36":1,"37":1,"38":1,"39":8,"40":1,"41":1,"42":0,"43":0,"44":1,"45":64,"46":4,"47":38,"48":3},"f":{"0":64,"1":170,"2":22,"3":15,"4":22,"5":36,"6":18,"7":5,"8":8,"9":1,"10":0,"11":4,"12":38,"13":3},"b":{"0":[30],"1":[63,1],"2":[8],"3":[15,15],"4":[8,28],"5":[0,8],"6":[4],"7":[8,5],"8":[2,2],"9":[4,2,2],"10":[1],"11":[2],"12":[1,1],"13":[1,0],"14":[1],"15":[0,1],"16":[0,0],"17":[64,31],"18":[17,47],"19":[31,33],"20":[9,55],"21":[64,17],"22":[5,59],"23":[64,17],"24":[0,38],"25":[9,29]}}
,"D:\\challenge\\src\\components\\Input\\Input.tsx": {"path":"D:\\challenge\\src\\components\\Input\\Input.tsx","statementMap":{"0":{"start":{"line":15,"column":0},"end":{"line":15,"column":16}},"1":{"start":{"line":1,"column":0},"end":{"line":1,"column":55}},"2":{"start":{"line":27,"column":19},"end":{"line":27,"column":26}},"3":{"start":{"line":28,"column":13},"end":{"line":30,"column":14}},"4":{"start":{"line":32,"column":2},"end":{"line":59,"column":4}}},"fnMap":{"0":{"name":"Input","decl":{"start":{"line":15,"column":16},"end":{"line":15,"column":21}},"loc":{"start":{"line":25,"column":13},"end":{"line":60,"column":1}}}},"branchMap":{"0":{"loc":{"start":{"line":19,"column":2},"end":{"line":19,"column":15}},"type":"default-arg","locations":[{"start":{"line":19,"column":9},"end":{"line":19,"column":15}}]},"1":{"loc":{"start":{"line":21,"column":2},"end":{"line":21,"column":18}},"type":"default-arg","locations":[{"start":{"line":21,"column":13},"end":{"line":21,"column":18}}]},"2":{"loc":{"start":{"line":28,"column":13},"end":{"line":30,"column":14}},"type":"cond-expr","locations":[{"start":{"line":29,"column":6},"end":{"line":29,"column":87}},{"start":{"line":30,"column":6},"end":{"line":30,"column":14}}]},"3":{"loc":{"start":{"line":34,"column":7},"end":{"line":38,"column":null}},"type":"binary-expr","locations":[{"start":{"line":34,"column":7},"end":{"line":34,"column":12}},{"start":{"line":35,"column":8},"end":{"line":37,"column":null}}]},"4":{"loc":{"start":{"line":37,"column":11},"end":{"line":37,"column":65}},"type":"binary-expr","locations":[{"start":{"line":37,"column":11},"end":{"line":37,"column":19}},{"start":{"line":37,"column":23},"end":{"line":37,"column":65}}]},"5":{"loc":{"start":{"line":42,"column":28},"end":{"line":42,"column":54}},"type":"cond-expr","locations":[{"start":{"line":42,"column":36},"end":{"line":42,"column":49}},{"start":{"line":42,"column":52},"end":{"line":42,"column":54}}]},"6":{"loc":{"start":{"line":51,"column":26},"end":{"line":51,"column":59}},"type":"cond-expr","locations":[{"start":{"line":51,"column":34},"end":{"line":51,"column":47}},{"start":{"line":51,"column":50},"end":{"line":51,"column":59}}]},"7":{"loc":{"start":{"line":53,"column":7},"end":{"line":56,"column":null}},"type":"binary-expr","locations":[{"start":{"line":53,"column":7},"end":{"line":53,"column":12}},{"start":{"line":54,"column":8},"end":{"line":55,"column":null}}]}},"s":{"0":4,"1":4,"2":54,"3":54,"4":54},"f":{"0":54},"b":{"0":[35],"1":[34],"2":[50,4],"3":[54,50],"4":[50,20],"5":[15,39],"6":[15,39],"7":[54,15]}}
,"D:\\challenge\\src\\components\\Modal\\Modal.tsx": {"path":"D:\\challenge\\src\\components\\Modal\\Modal.tsx","statementMap":{"0":{"start":{"line":13,"column":0},"end":{"line":13,"column":16}},"1":{"start":{"line":1,"column":0},"end":{"line":1,"column":53}},"2":{"start":{"line":11,"column":2},"end":{"line":11,"column":76}},"3":{"start":{"line":14,"column":19},"end":{"line":14,"column":47}},"4":{"start":{"line":15,"column":32},"end":{"line":15,"column":64}},"5":{"start":{"line":17,"column":2},"end":{"line":56,"column":24}},"6":{"start":{"line":18,"column":25},"end":{"line":20,"column":5}},"7":{"start":{"line":19,"column":6},"end":{"line":19,"column":40}},"8":{"start":{"line":19,"column":30},"end":{"line":19,"column":40}},"9":{"start":{"line":22,"column":26},"end":{"line":41,"column":5}},"10":{"start":{"line":23,"column":6},"end":{"line":23,"column":55}},"11":{"start":{"line":23,"column":48},"end":{"line":23,"column":55}},"12":{"start":{"line":24,"column":24},"end":{"line":26,"column":52}},"13":{"start":{"line":26,"column":23},"end":{"line":26,"column":51}},"14":{"start":{"line":27,"column":6},"end":{"line":27,"column":41}},"15":{"start":{"line":27,"column":34},"end":{"line":27,"column":41}},"16":{"start":{"line":28,"column":20},"end":{"line":28,"column":32}},"17":{"start":{"line":29,"column":19},"end":{"line":29,"column":50}},"18":{"start":{"line":30,"column":6},"end":{"line":40,"column":7}},"19":{"start":{"line":31,"column":8},"end":{"line":34,"column":9}},"20":{"start":{"line":32,"column":10},"end":{"line":32,"column":29}},"21":{"start":{"line":33,"column":10},"end":{"line":33,"column":23}},"22":{"start":{"line":36,"column":8},"end":{"line":39,"column":9}},"23":{"start":{"line":37,"column":10},"end":{"line":37,"column":29}},"24":{"start":{"line":38,"column":10},"end":{"line":38,"column":24}},"25":{"start":{"line":43,"column":4},"end":{"line":49,"column":5}},"26":{"start":{"line":44,"column":6},"end":{"line":44,"column":83}},"27":{"start":{"line":45,"column":6},"end":{"line":45,"column":57}},"28":{"start":{"line":46,"column":6},"end":{"line":46,"column":58}},"29":{"start":{"line":48,"column":6},"end":{"line":48,"column":32}},"30":{"start":{"line":51,"column":4},"end":{"line":55,"column":6}},"31":{"start":{"line":52,"column":6},"end":{"line":52,"column":60}},"32":{"start":{"line":53,"column":6},"end":{"line":53,"column":61}},"33":{"start":{"line":54,"column":6},"end":{"line":54,"column":45}},"34":{"start":{"line":58,"column":2},"end":{"line":58,"column":27}},"35":{"start":{"line":58,"column":15},"end":{"line":58,"column":27}},"36":{"start":{"line":60,"column":2},"end":{"line":82,"column":4}},"37":{"start":{"line":69,"column":24},"end":{"line":69,"column":43}}},"fnMap":{"0":{"name":"Modal","decl":{"start":{"line":13,"column":16},"end":{"line":13,"column":21}},"loc":{"start":{"line":13,"column":70},"end":{"line":83,"column":1}}},"1":{"name":"(anonymous_1)","decl":{"start":{"line":17,"column":12},"end":{"line":17,"column":15}},"loc":{"start":{"line":17,"column":17},"end":{"line":56,"column":3}}},"2":{"name":"(anonymous_2)","decl":{"start":{"line":18,"column":25},"end":{"line":18,"column":26}},"loc":{"start":{"line":18,"column":46},"end":{"line":20,"column":5}}},"3":{"name":"(anonymous_3)","decl":{"start":{"line":22,"column":26},"end":{"line":22,"column":27}},"loc":{"start":{"line":22,"column":47},"end":{"line":41,"column":5}}},"4":{"name":"(anonymous_4)","decl":{"start":{"line":26,"column":15},"end":{"line":26,"column":16}},"loc":{"start":{"line":26,"column":23},"end":{"line":26,"column":51}}},"5":{"name":"(anonymous_5)","decl":{"start":{"line":51,"column":11},"end":{"line":51,"column":14}},"loc":{"start":{"line":51,"column":16},"end":{"line":55,"column":5}}},"6":{"name":"(anonymous_6)","decl":{"start":{"line":69,"column":17},"end":{"line":69,"column":18}},"loc":{"start":{"line":69,"column":24},"end":{"line":69,"column":43}}}},"branchMap":{"0":{"loc":{"start":{"line":19,"column":6},"end":{"line":19,"column":40}},"type":"if","locations":[{"start":{"line":19,"column":6},"end":{"line":19,"column":40}}]},"1":{"loc":{"start":{"line":23,"column":6},"end":{"line":23,"column":55}},"type":"if","locations":[{"start":{"line":23,"column":6},"end":{"line":23,"column":55}}]},"2":{"loc":{"start":{"line":23,"column":10},"end":{"line":23,"column":46}},"type":"binary-expr","locations":[{"start":{"line":23,"column":10},"end":{"line":23,"column":25}},{"start":{"line":23,"column":29},"end":{"line":23,"column":46}}]},"3":{"loc":{"start":{"line":27,"column":6},"end":{"line":27,"column":41}},"type":"if","locations":[{"start":{"line":27,"column":6},"end":{"line":27,"column":41}}]},"4":{"loc":{"start":{"line":30,"column":6},"end":{"line":40,"column":7}},"type":"if","locations":[{"start":{"line":30,"column":6},"end":{"line":40,"column":7}},{"start":{"line":35,"column":13},"end":{"line":40,"column":7}}]},"5":{"loc":{"start":{"line":31,"column":8},"end":{"line":34,"column":9}},"type":"if","locations":[{"start":{"line":31,"column":8},"end":{"line":34,"column":9}}]},"6":{"loc":{"start":{"line":36,"column":8},"end":{"line":39,"column":9}},"type":"if","locations":[{"start":{"line":36,"column":8},"end":{"line":39,"column":9}}]},"7":{"loc":{"start":{"line":43,"column":4},"end":{"line":49,"column":5}},"type":"if","locations":[{"start":{"line":43,"column":4},"end":{"line":49,"column":5}}]},"8":{"loc":{"start":{"line":58,"column":2},"end":{"line":58,"column":27}},"type":"if","locations":[{"start":{"line":58,"column":2},"end":{"line":58,"column":27}}]},"9":{"loc":{"start":{"line":71,"column":9},"end":{"line":74,"column":null}},"type":"binary-expr","locations":[{"start":{"line":71,"column":9},"end":{"line":71,"column":14}},{"start":{"line":72,"column":10},"end":{"line":73,"column":null}}]}},"s":{"0":3,"1":3,"2":3,"3":32,"4":32,"5":32,"6":32,"7":4,"8":1,"9":32,"10":4,"11":2,"12":2,"13":6,"14":2,"15":0,"16":2,"17":2,"18":2,"19":1,"20":1,"21":1,"22":1,"23":1,"24":1,"25":32,"26":12,"27":12,"28":12,"29":12,"30":32,"31":32,"32":32,"33":32,"34":32,"35":20,"36":12,"37":4},"f":{"0":32,"1":32,"2":4,"3":4,"4":6,"5":32,"6":4},"b":{"0":[1],"1":[2],"2":[4,2],"3":[0],"4":[1,1],"5":[1],"6":[1],"7":[12],"8":[20],"9":[12,11]}}
,"D:\\challenge\\src\\components\\Tabs\\Tabs.tsx": {"path":"D:\\challenge\\src\\components\\Tabs\\Tabs.tsx","statementMap":{"0":{"start":{"line":14,"column":0},"end":{"line":14,"column":16}},"1":{"start":{"line":1,"column":0},"end":{"line":1,"column":44}},"2":{"start":{"line":15,"column":23},"end":{"line":17,"column":null}},"3":{"start":{"line":19,"column":40},"end":{"line":19,"column":62}},"4":{"start":{"line":21,"column":25},"end":{"line":24,"column":3}},"5":{"start":{"line":22,"column":4},"end":{"line":22,"column":26}},"6":{"start":{"line":23,"column":4},"end":{"line":23,"column":22}},"7":{"start":{"line":26,"column":22},"end":{"line":26,"column":42}},"8":{"start":{"line":28,"column":2},"end":{"line":54,"column":4}},"9":{"start":{"line":32,"column":10},"end":{"line":33,"column":null}},"10":{"start":{"line":36,"column":27},"end":{"line":36,"column":48}}},"fnMap":{"0":{"name":"Tabs","decl":{"start":{"line":14,"column":16},"end":{"line":14,"column":20}},"loc":{"start":{"line":14,"column":68},"end":{"line":55,"column":1}}},"1":{"name":"(anonymous_1)","decl":{"start":{"line":21,"column":25},"end":{"line":21,"column":26}},"loc":{"start":{"line":21,"column":43},"end":{"line":24,"column":3}}},"2":{"name":"(anonymous_2)","decl":{"start":{"line":31,"column":18},"end":{"line":31,"column":19}},"loc":{"start":{"line":32,"column":10},"end":{"line":33,"column":null}}},"3":{"name":"(anonymous_3)","decl":{"start":{"line":36,"column":21},"end":{"line":36,"column":24}},"loc":{"start":{"line":36,"column":27},"end":{"line":36,"column":48}}}},"branchMap":{"0":{"loc":{"start":{"line":14,"column":29},"end":{"line":14,"column":45}},"type":"default-arg","locations":[{"start":{"line":14,"column":44},"end":{"line":14,"column":45}}]},"1":{"loc":{"start":{"line":34,"column":16},"end":{"line":34,"column":63}},"type":"cond-expr","locations":[{"start":{"line":34,"column":40},"end":{"line":34,"column":51}},{"start":{"line":34,"column":54},"end":{"line":34,"column":63}}]},"2":{"loc":{"start":{"line":35,"column":37},"end":{"line":35,"column":78}},"type":"cond-expr","locations":[{"start":{"line":35,"column":61},"end":{"line":35,"column":73}},{"start":{"line":35,"column":76},"end":{"line":35,"column":78}}]}},"s":{"0":2,"1":2,"2":30,"3":30,"4":30,"5":5,"6":5,"7":30,"8":30,"9":85,"10":5},"f":{"0":30,"1":5,"2":85,"3":5},"b":{"0":[27],"1":[29,56],"2":[29,56]}}
,"D:\\challenge\\src\\components\\Toggle\\Toggle.tsx": {"path":"D:\\challenge\\src\\components\\Toggle\\Toggle.tsx","statementMap":{"0":{"start":{"line":10,"column":0},"end":{"line":10,"column":16}},"1":{"start":{"line":1,"column":0},"end":{"line":1,"column":33}},"2":{"start":{"line":16,"column":48},"end":{"line":16,"column":63}},"3":{"start":{"line":18,"column":4},"end":{"line":18,"column":73}},"4":{"start":{"line":20,"column":22},"end":{"line":28,"column":3}},"5":{"start":{"line":21,"column":4},"end":{"line":21,"column":25}},"6":{"start":{"line":21,"column":18},"end":{"line":21,"column":25}},"7":{"start":{"line":22,"column":24},"end":{"line":22,"column":34}},"8":{"start":{"line":23,"column":4},"end":{"line":27,"column":5}},"9":{"start":{"line":24,"column":6},"end":{"line":24,"column":30}},"10":{"start":{"line":26,"column":6},"end":{"line":26,"column":38}},"11":{"start":{"line":30,"column":2},"end":{"line":50,"column":4}},"12":{"start":{"line":36,"column":10},"end":{"line":39,"column":11}},"13":{"start":{"line":37,"column":12},"end":{"line":37,"column":31}},"14":{"start":{"line":38,"column":12},"end":{"line":38,"column":26}}},"fnMap":{"0":{"name":"Toggle","decl":{"start":{"line":10,"column":16},"end":{"line":10,"column":22}},"loc":{"start":{"line":15,"column":14},"end":{"line":51,"column":1}}},"1":{"name":"(anonymous_1)","decl":{"start":{"line":20,"column":22},"end":{"line":20,"column":25}},"loc":{"start":{"line":20,"column":27},"end":{"line":28,"column":3}}},"2":{"name":"(anonymous_2)","decl":{"start":{"line":35,"column":19},"end":{"line":35,"column":20}},"loc":{"start":{"line":35,"column":25},"end":{"line":40,"column":9}}}},"branchMap":{"0":{"loc":{"start":{"line":14,"column":2},"end":{"line":14,"column":18}},"type":"default-arg","locations":[{"start":{"line":14,"column":13},"end":{"line":14,"column":18}}]},"1":{"loc":{"start":{"line":18,"column":4},"end":{"line":18,"column":73}},"type":"cond-expr","locations":[{"start":{"line":18,"column":38},"end":{"line":18,"column":55}},{"start":{"line":18,"column":58},"end":{"line":18,"column":73}}]},"2":{"loc":{"start":{"line":21,"column":4},"end":{"line":21,"column":25}},"type":"if","locations":[{"start":{"line":21,"column":4},"end":{"line":21,"column":25}}]},"3":{"loc":{"start":{"line":23,"column":4},"end":{"line":27,"column":5}},"type":"if","locations":[{"start":{"line":23,"column":4},"end":{"line":27,"column":5}},{"start":{"line":25,"column":11},"end":{"line":27,"column":5}}]},"4":{"loc":{"start":{"line":31,"column":32},"end":{"line":31,"column":65}},"type":"cond-expr","locations":[{"start":{"line":31,"column":43},"end":{"line":31,"column":60}},{"start":{"line":31,"column":63},"end":{"line":31,"column":65}}]},"5":{"loc":{"start":{"line":33,"column":35},"end":{"line":33,"column":68}},"type":"cond-expr","locations":[{"start":{"line":33,"column":47},"end":{"line":33,"column":63}},{"start":{"line":33,"column":66},"end":{"line":33,"column":68}}]},"6":{"loc":{"start":{"line":36,"column":10},"end":{"line":39,"column":11}},"type":"if","locations":[{"start":{"line":36,"column":10},"end":{"line":39,"column":11}}]},"7":{"loc":{"start":{"line":36,"column":14},"end":{"line":36,"column":48}},"type":"binary-expr","locations":[{"start":{"line":36,"column":14},"end":{"line":36,"column":31}},{"start":{"line":36,"column":35},"end":{"line":36,"column":48}}]},"8":{"loc":{"start":{"line":44,"column":18},"end":{"line":44,"column":35}},"type":"cond-expr","locations":[{"start":{"line":44,"column":29},"end":{"line":44,"column":31}},{"start":{"line":44,"column":34},"end":{"line":44,"column":35}}]},"9":{"loc":{"start":{"line":48,"column":7},"end":{"line":48,"column":61}},"type":"binary-expr","locations":[{"start":{"line":48,"column":7},"end":{"line":48,"column":12}},{"start":{"line":48,"column":16},"end":{"line":48,"column":61}}]}},"s":{"0":2,"1":2,"2":50,"3":50,"4":50,"5":9,"6":1,"7":8,"8":8,"9":4,"10":4,"11":50,"12":2,"13":2,"14":2},"f":{"0":50,"1":9,"2":2},"b":{"0":[30],"1":[22,28],"2":[1],"3":[4,4],"4":[20,30],"5":[5,45],"6":[2],"7":[2,1],"8":[20,30],"9":[50,50]}}
}
