TN:
SF:src\App.tsx
FN:24,App
FN:43,(anonymous_1)
FN:43,(anonymous_2)
FN:46,(anonymous_3)
FN:49,(anonymous_4)
FN:52,(anonymous_5)
FN:67,(anonymous_6)
FN:84,(anonymous_7)
FN:87,(anonymous_8)
FN:155,(anonymous_9)
FNF:10
FNH:7
FNDA:18,App
FNDA:1,(anonymous_1)
FNDA:1,(anonymous_2)
FNDA:0,(anonymous_3)
FNDA:0,(anonymous_4)
FNDA:0,(anonymous_5)
FNDA:4,(anonymous_6)
FNDA:1,(anonymous_7)
FNDA:1,(anonymous_8)
FNDA:2,(anonymous_9)
DA:1,1
DA:2,1
DA:3,1
DA:4,1
DA:5,1
DA:6,1
DA:7,1
DA:8,1
DA:9,1
DA:11,1
DA:18,1
DA:24,1
DA:25,18
DA:26,18
DA:27,18
DA:28,18
DA:29,18
DA:31,18
DA:43,1
DA:46,0
DA:49,0
DA:52,0
DA:68,4
DA:84,1
DA:87,1
DA:155,2
LF:26
LH:23
BRDA:76,0,0,14
BRDA:76,0,1,4
BRDA:120,1,0,18
BRDA:120,1,1,1
BRDA:134,2,0,1
BRDA:134,2,1,17
BRF:6
BRH:6
end_of_record
TN:
SF:src\components\Alert\Alert.tsx
FN:10,Alert
FN:19,(anonymous_1)
FN:25,(anonymous_2)
FNF:3
FNH:3
FNDA:106,Alert
FNDA:42,(anonymous_1)
FNDA:2,(anonymous_2)
DA:1,2
DA:10,2
DA:16,106
DA:19,106
DA:20,42
DA:23,106
DA:25,102
DA:26,2
DA:27,2
DA:30,102
LF:10
LH:10
BRDA:12,0,0,9
BRDA:13,1,0,53
BRDA:23,2,0,4
BRDA:33,3,0,102
BRDA:33,3,1,49
BRF:5
BRH:5
end_of_record
TN:
SF:src\components\Button\Button.tsx
FN:12,Button
FNF:1
FNH:1
FNDA:145,Button
DA:12,4
DA:20,145
LF:2
LH:2
BRDA:15,0,0,126
BRDA:16,1,0,90
BRDA:17,2,0,125
BRDA:18,3,0,144
BRDA:23,4,0,19
BRDA:23,4,1,126
BRDA:24,5,0,145
BRDA:24,5,1,126
BRDA:28,6,0,20
BRDA:28,6,1,125
BRF:10
BRH:10
end_of_record
TN:
SF:src\components\Card\Card.tsx
FN:11,Card
FNF:1
FNH:1
FNDA:44,Card
DA:11,2
DA:18,44
LF:2
LH:2
BRDA:16,0,0,43
BRDA:20,1,0,44
BRDA:20,1,1,2
BRDA:20,2,0,2
BRDA:20,2,1,1
BRDA:21,3,0,44
BRDA:21,3,1,40
BRDA:27,4,0,44
BRDA:27,4,1,20
BRF:9
BRH:9
end_of_record
TN:
SF:src\components\Dropdown\Dropdown.tsx
FN:16,Dropdown
FN:29,(anonymous_1)
FN:31,(anonymous_2)
FN:32,(anonymous_3)
FN:39,(anonymous_4)
FN:43,(anonymous_5)
FN:45,(anonymous_6)
FN:52,(anonymous_7)
FN:57,(anonymous_8)
FN:72,(anonymous_9)
FN:82,(anonymous_10)
FN:100,(anonymous_11)
FN:114,(anonymous_12)
FN:119,(anonymous_13)
FNF:14
FNH:13
FNDA:64,Dropdown
FNDA:170,(anonymous_1)
FNDA:22,(anonymous_2)
FNDA:15,(anonymous_3)
FNDA:22,(anonymous_4)
FNDA:36,(anonymous_5)
FNDA:18,(anonymous_6)
FNDA:5,(anonymous_7)
FNDA:8,(anonymous_8)
FNDA:1,(anonymous_9)
FNDA:0,(anonymous_10)
FNDA:4,(anonymous_11)
FNDA:38,(anonymous_12)
FNDA:3,(anonymous_13)
DA:1,3
DA:16,3
DA:23,64
DA:24,64
DA:25,64
DA:26,64
DA:27,64
DA:29,170
DA:31,64
DA:32,22
DA:33,15
DA:34,8
DA:38,22
DA:39,22
DA:43,64
DA:44,36
DA:45,18
DA:46,8
DA:48,28
DA:52,64
DA:53,5
DA:54,5
DA:57,64
DA:58,8
DA:59,4
DA:60,4
DA:61,2
DA:63,2
DA:66,8
DA:67,1
DA:69,8
DA:70,2
DA:71,2
DA:72,1
DA:73,1
DA:76,1
DA:79,8
DA:80,1
DA:81,1
DA:82,0
DA:83,0
DA:86,1
DA:91,64
DA:100,4
DA:115,38
DA:119,3
LF:46
LH:44
BRDA:20,0,0,30
BRDA:27,1,0,63
BRDA:27,1,1,1
BRDA:33,2,0,8
BRDA:33,3,0,15
BRDA:33,3,1,15
BRDA:44,4,0,8
BRDA:44,4,1,28
BRDA:46,5,0,0
BRDA:46,5,1,8
BRDA:58,6,0,4
BRDA:58,7,0,8
BRDA:58,7,1,5
BRDA:60,8,0,2
BRDA:60,8,1,2
BRDA:60,9,0,4
BRDA:60,9,1,2
BRDA:60,9,2,2
BRDA:66,10,0,1
BRDA:69,11,0,2
BRDA:71,12,0,1
BRDA:71,12,1,1
BRDA:73,13,0,1
BRDA:73,13,1,0
BRDA:79,14,0,1
BRDA:81,15,0,0
BRDA:81,15,1,1
BRDA:83,16,0,0
BRDA:83,16,1,0
BRDA:93,17,0,64
BRDA:93,17,1,31
BRDA:99,18,0,17
BRDA:99,18,1,47
BRDA:106,19,0,31
BRDA:106,19,1,33
BRDA:107,20,0,9
BRDA:107,20,1,55
BRDA:107,21,0,64
BRDA:107,21,1,17
BRDA:110,22,0,5
BRDA:110,22,1,59
BRDA:112,23,0,64
BRDA:112,23,1,17
BRDA:118,24,0,0
BRDA:118,24,1,38
BRDA:118,25,0,9
BRDA:118,25,1,29
BRF:47
BRH:41
end_of_record
TN:
SF:src\components\Input\Input.tsx
FN:15,Input
FNF:1
FNH:1
FNDA:54,Input
DA:1,4
DA:15,4
DA:27,54
DA:28,54
DA:32,54
LF:5
LH:5
BRDA:19,0,0,35
BRDA:21,1,0,34
BRDA:28,2,0,50
BRDA:28,2,1,4
BRDA:34,3,0,54
BRDA:34,3,1,50
BRDA:37,4,0,50
BRDA:37,4,1,20
BRDA:42,5,0,15
BRDA:42,5,1,39
BRDA:51,6,0,15
BRDA:51,6,1,39
BRDA:53,7,0,54
BRDA:53,7,1,15
BRF:14
BRH:14
end_of_record
TN:
SF:src\components\Modal\Modal.tsx
FN:13,Modal
FN:17,(anonymous_1)
FN:18,(anonymous_2)
FN:22,(anonymous_3)
FN:26,(anonymous_4)
FN:51,(anonymous_5)
FN:69,(anonymous_6)
FNF:7
FNH:7
FNDA:32,Modal
FNDA:32,(anonymous_1)
FNDA:4,(anonymous_2)
FNDA:4,(anonymous_3)
FNDA:6,(anonymous_4)
FNDA:32,(anonymous_5)
FNDA:4,(anonymous_6)
DA:1,3
DA:11,3
DA:13,3
DA:14,32
DA:15,32
DA:17,32
DA:18,32
DA:19,4
DA:22,32
DA:23,4
DA:24,2
DA:26,6
DA:27,2
DA:28,2
DA:29,2
DA:30,2
DA:31,1
DA:32,1
DA:33,1
DA:36,1
DA:37,1
DA:38,1
DA:43,32
DA:44,12
DA:45,12
DA:46,12
DA:48,12
DA:51,32
DA:52,32
DA:53,32
DA:54,32
DA:58,32
DA:60,12
DA:69,4
LF:34
LH:34
BRDA:19,0,0,1
BRDA:23,1,0,2
BRDA:23,2,0,4
BRDA:23,2,1,2
BRDA:27,3,0,0
BRDA:30,4,0,1
BRDA:30,4,1,1
BRDA:31,5,0,1
BRDA:36,6,0,1
BRDA:43,7,0,12
BRDA:58,8,0,20
BRDA:71,9,0,12
BRDA:71,9,1,11
BRF:13
BRH:12
end_of_record
TN:
SF:src\components\Tabs\Tabs.tsx
FN:14,Tabs
FN:21,(anonymous_1)
FN:31,(anonymous_2)
FN:36,(anonymous_3)
FNF:4
FNH:4
FNDA:30,Tabs
FNDA:5,(anonymous_1)
FNDA:85,(anonymous_2)
FNDA:5,(anonymous_3)
DA:1,2
DA:14,2
DA:15,30
DA:19,30
DA:21,30
DA:22,5
DA:23,5
DA:26,30
DA:28,30
DA:32,85
DA:36,5
LF:11
LH:11
BRDA:14,0,0,27
BRDA:34,1,0,29
BRDA:34,1,1,56
BRDA:35,2,0,29
BRDA:35,2,1,56
BRF:5
BRH:5
end_of_record
TN:
SF:src\components\Toggle\Toggle.tsx
FN:10,Toggle
FN:20,(anonymous_1)
FN:35,(anonymous_2)
FNF:3
FNH:3
FNDA:50,Toggle
FNDA:9,(anonymous_1)
FNDA:2,(anonymous_2)
DA:1,2
DA:10,2
DA:16,50
DA:18,50
DA:20,50
DA:21,9
DA:22,8
DA:23,8
DA:24,4
DA:26,4
DA:30,50
DA:36,2
DA:37,2
DA:38,2
LF:14
LH:14
BRDA:14,0,0,30
BRDA:18,1,0,22
BRDA:18,1,1,28
BRDA:21,2,0,1
BRDA:23,3,0,4
BRDA:23,3,1,4
BRDA:31,4,0,20
BRDA:31,4,1,30
BRDA:33,5,0,5
BRDA:33,5,1,45
BRDA:36,6,0,2
BRDA:36,7,0,2
BRDA:36,7,1,1
BRDA:44,8,0,20
BRDA:44,8,1,30
BRDA:48,9,0,50
BRDA:48,9,1,50
BRF:17
BRH:17
end_of_record
